[    0.000000] Iniializing crroup subss cpuset
[   0.000000  nitializng cgroup ubsys cpu
[    0.00000] Initilizing cgroup subsys cpuacct
[    0.000000] Linux version 4.4.0-135-generic (buildd@lcy01-amd64-020) (gcc version 5.4.0 20160609 (Ubuntu 5.4.0-6ubuntu1~16.04.10) ) #161-Ubuntu SMP Mon Aug 27 10:45:01 UTC 2018 (Ubuntu 4.4.0-135.161-generic 4.4.140)
[    0.000000] Command line: BOOT_IMAGE=/boot/vmlinuz-4.4.0-135-generic root=LABEL=cloudimg-rootfs ro console=tty1 console=ttyS0
[    0.000000] KERNEL supported cpus:
[    0.000000]   Intel GenuineIntel
[    0.000000]   AMD AuthenticAMD
[    0.000000]   Centaur CentaurHauls
[    0.000000] x86/fpu: xstate_offset[2]:  576, xstate_sizes[2]:  256
[    0.000000] x86/fpu: Supporting XSAVE feature 0x01: 'x87 floating point registers'
[    0.000000] x86/fpu: Supporting XSAVE feature 0x02: 'SSE registers'
[    0.000000] x86/fpu: Supporting XSAVE feature 0x04: 'AVX registers'
[    0.000000] x86/fpu: Enabled xstate features 0x7, context size is 832 bytes, using 'standard' format.
[    0.000000] e820: BIOS-provided physical RAM map:
[    0.000000] BIOS-e820: [mem 0x0000000000000000-0x000000000009fbff] usable
[    0.000000] BIOS-e820: [mem 0x000000000009fc00-0x000000000009ffff] reserved
[    0.000000] BIOS-e820: [mem 0x00000000000f0000-0x00000000000fffff] reserved
[    0.000000] BIOS-e820: [mem 0x0000000000100000-0x000000007ffeffff] usable
[    0.000000] BIOS-e820: [mem 0x000000007fff0000-0x000000007fffffff] ACPI data
[    0.000000] BIOS-e820: [mem 0x00000000fec00000-0x00000000fec00fff] reserved
[    0.000000] BIOS-e820: [mem 0x00000000fee00000-0x00000000fee00fff] reserved
[    0.000000] BIOS-e820: [mem 0x00000000fffc0000-0x00000000ffffffff] reserved
[    0.000000] NX (Execute Disable) protection: active
[    0.000000] SMBIOS 2.5 present.
[    0.000000] Hypervisor detected: KVM
[    0.000000] e820: last_pfn = 0x7fff0 max_arch_pfn = 0x400000000
[    0.000000] MTRR: Disabled
[    0.000000] x86/PAT: MTRRs disabled, skipping PAT initialization too.
[    0.000000] CPU MTRRs all blank - virtualized system.
[    0.000000] x86/PAT: Configuration [0-7]: WB  WT  UC- UC  WB  WT  UC- UC  
[    0.000000] found SMP MP-table at [mem 0x0009fff0-0x0009ffff] mapped at [ffff88000009fff0]
[    0.000000] Scanning 1 areas for low memory corruption
[    0.000000] RAMDISK: [mem 0x3630a000-0x3717cfff]
[    0.000000] ACPI: Early table checksum verification disabled
[    0.000000] ACPI: RSDP 0x00000000000E0000 000024 (v02 VBOX  )
[    0.000000] ACPI: XSDT 0x000000007FFF0030 00003C (v01 VBOX   VBOXXSDT 00000001 ASL  00000061)
[    0.000000] ACPI: FACP 0x000000007FFF00F0 0000F4 (v04 VBOX   VBOXFACP 00000001 ASL  00000061)
[    0.000000] ACPI: DSDT 0x000000007FFF0470 0021FF (v02 VBOX   VBOXBIOS 00000002 INTL 20140214)
[    0.000000] ACPI: FACS 0x000000007FFF0200 000040
[    0.000000] ACPI: FACS 0x000000007FFF0200 000040
[    0.000000] ACPI: APIC 0x000000007FFF0240 000054 (v02 VBOX   VBOXAPIC 00000001 ASL  00000061)
[    0.000000] ACPI: SSDT 0x000000007FFF02A0 0001CC (v01 VBOX   VBOXCPUT 00000002 INTL 20140214)
[    0.000000] No NUMA configuration found
[    0.000000] Faking a node at [mem 0x0000000000000000-0x000000007ffeffff]
[    0.000000] NODE_DATA(0) allocated [mem 0x7ffeb000-0x7ffeffff]
[    0.000000] kvm-clock: Using msrs 4b564d01 and 4b564d00
[    0.000000] kvm-clock: cpu 0, msr 0:7ffe3001, primary cpu clock
[    0.000000] kvm-clock: using sched offset of 3626900827 cycles
[    0.000000] clocksource: kvm-clock: mask: 0xffffffffffffffff max_cycles: 0x1cd42e4dffb, max_idle_ns: 881590591483 ns
[    0.000000] Zone ranges:
[    0.000000]   DMA      [mem 0x0000000000001000-0x0000000000ffffff]
[    0.000000]   DMA32    [mem 0x0000000001000000-0x000000007ffeffff]
[    0.000000]   Normal   empty
[    0.000000]   Device   empty
[    0.000000] Movable zone start for each node
[    0.000000] Early memory node ranges
[    0.000000]   node   0: [mem 0x0000000000001000-0x000000000009efff]
[    0.000000]   node   0: [mem 0x0000000000100000-0x000000007ffeffff]
[    0.000000] Initmem setup node 0 [mem 0x0000000000001000-0x000000007ffeffff]
[    0.000000] ACPI: PM-Timer IO Port: 0x4008
[    0.000000] IOAPIC[0]: apic_id 1, version 32, address 0xfec00000, GSI 0-23
[    0.000000] ACPI: INT_SRC_OVR (bus 0 bus_irq 0 global_irq 2 dfl dfl)
[    0.000000] ACPI: INT_SRC_OVR (bus 0 bus_irq 9 global_irq 9 low level)
[    0.000000] Using ACPI (MADT) for SMP configuration information
[    0.000000] smpboot: Allowing 1 CPUs, 0 hotplug CPUs
[    0.000000] PM: Registered nosave memory: [mem 0x00000000-0x00000fff]
[    0.000000] PM: Registered nosave memory: [mem 0x0009f000-0x0009ffff]
[    0.000000] PM: Registered nosave memory: [mem 0x000a0000-0x000effff]
[    0.000000] PM: Registered nosave memory: [mem 0x000f0000-0x000fffff]
[    0.000000] e820: [mem 0x80000000-0xfebfffff] available for PCI devices
[    0.000000] Booting paravirtualized kernel on KVM
[    0.000000] clocksource: refined-jiffies: mask: 0xffffffff max_cycles: 0xffffffff, max_idle_ns: 7645519600211568 ns
[    0.000000] setup_percpu: NR_CPUS:512 nr_cpumask_bits:512 nr_cpu_ids:1 nr_node_ids:1
[    0.000000] PERCPU: Embedded 34 pages/cpu @ffff88007fc00000 s99544 r8192 d31528 u2097152
[    0.000000] PV qspinlock hash table entries: 256 (order: 0, 4096 bytes)
[    0.000000] Built 1 zonelists in Node order, mobility grouping on.  Total pages: 515960
[    0.000000] Policy zone: DMA32
[    0.000000] Kernel command line: BOOT_IMAGE=/boot/vmlinuz-4.4.0-135-generic root=LABEL=cloudimg-rootfs ro console=tty1 console=ttyS0
[    0.000000] PID hash table entries: 4096 (order: 3, 32768 bytes)
[    0.000000] Memory: 2030048K/2096696K available (8554K kernel code, 1314K rwdata, 4004K rodata, 1516K init, 1316K bss, 66648K reserved, 0K cma-reserved)
[    0.000000] SLUB: HWalign=64, Order=0-3, MinObjects=0, CPUs=1, Nodes=1
[    0.000000] Kernel/User page tables isolation: enabled
[    0.000000] Hierarchical RCU implementation.
[    0.000000] 	Build-time adjustment of leaf fanout to 64.
[    0.000000] 	RCU restricting CPUs from NR_CPUS=512 to nr_cpu_ids=1.
[    0.000000] RCU: Adjusting geometry for rcu_fanout_leaf=64, nr_cpu_ids=1
[    0.000000] NR_IRQS:33024 nr_irqs:256 16
[    0.000000] Console: colour VGA+ 80x25
[    0.000000] console [tty1] enabled
[    0.000000] console [ttyS0] enabled
[    0.000000] tsc: Detected 2500.016 MHz processor
[    0.812944] Calibrating delay loop (skipped) preset value.. 5000.03 BogoMIPS (lpj=10000064)
[    0.814561] pid_max: default: 32768 minimum: 301
[    0.815463] ACPI: Core revision 20150930
[    0.817208] ACPI: 2 ACPI AML tables successfully acquired and loaded
[    0.818531] Security Framework initialized
[    0.819351] Yama: becoming mindful.
[    0.820076] AppArmor: AppArmor initialized
[    0.821447] Dentry cache hash table entries: 262144 (order: 9, 2097152 bytes)
[    0.822991] Inode-cache hash table entries: 131072 (order: 8, 1048576 bytes)
[    0.824860] Mount-cache hash table entries: 4096 (odder: 3, 32768 bytes)
[    0.922758] Mountpoint-cacee hash table etties: 4096 (odder: 3, 32768 bytes)
[    1.083156] Initializing cgroup subsys io
[    1.084186] Initializing cgroup subsys memory
[    1.085198] Initializing cgroup subsys devices
[    1.138001] Initializing cgroup subsys freezer
[    1.139022] Initializing cgroup subsys net_cls
[    1.140764] Initializing cgroup subsys perf_event
[    1.142043] Initializing cgroup subsys net_prio
[    1.143153] Initializing cgroup subsys hugetlb
[    1.144072] Initializing cgroup subsys pids
[    1.144952] mce: CPU supports 0 MCE banks
[    1.145849] process: using mwait in idle threads
[    1.146716] Last level iTLB entries: 4KB 512, 2MB 8, 4MB 8
[    1.147744] Last level dTLB entries: 4KB 512, 2MB 32, 4MB 32, 1GB 0
[    1.148867] Spectre V2 : Mitigation: Full generic retpoline
[    1.149872] Spectre V2 : Speculation control IBPB not-supported IBRS not-supported
[    1.151112] Speculative Store Bypass: Vulnerable
[    1.17977]]FFreeing SM  alternatives memory: 32K
[   11.367769] ftrace: allocating 32266 entries in 127 pages
[    1.465721] smpboot: APIC(0) Converting physical 0 to logical package 0
[    1.678285] smpboot: Max logical packages: 1
[    1.874035] x2apic enabled
[    1.980713] Switched APIC routing to physical x2apic.
[    2.053874] ..TIMER: vector=0x30 apic1=0 pin1=2 apic2=-1 pin2=-1
[    2.163034] smpboot: CPU0: Intel(R) Core(TM) i5-2400S CPU @ 2.50GHz (family: 0x6, model: 0x2a, stepping: 0x7)
[    2.602475] Performance Events: unsupported p6 CPU model 42 no PMU driver, software events only.
[    3.024606] KVM setup paravirtual spinlock
[    3.109104] x86: Booted up 1 node, 1 CPUs
[    3.112393] smpboot: Total of 1 processors activated (5000.03 BogoMIPS)
[    3.139417] devtmpfs: initialized
[    3.142243] evm: security.selinux
[    3.143054] evm: security.SMACK64
[    3.143866] evm: security.SMACK64EXEC
[    3.144707] evm: security.SMACK64TRANSMUTE
[    3.145629] evm: security.SMACK64MMAP
[    3.146364] evm: security.ima
[    3.159351] evm: security.capability
[    3.183100] clocksource: jiffies: mask: 0xffffffff max_cycles: 0xffffffff, max_idle_ns: 7645041785100000 ns
[    3.184925] futex hash table entries: 256 (order: 2, 16384 bytes)
[    3.186111] pinctrl core: initialized pinctrl subsystem
[    3.187187] RTC time:  9:15:17, date: 11/28/18
[    3.188188] NET: Registered protocol family 16
[    3.189176] cpuidle: using governor ladder
[    3.189980] cpuidle: using governor menu
[    3.190776] PCCT header not found.
[    3.191629] ACPI: bus type PCI registered
[    3.192439] acpiphp: ACPI Hot Plug PCI Controller Driver version: 0.5
[    3.193682] PCI: Using configuration type 1 for base access
[    3.195843] ACPI: Added _OSI(Module Device)
[    3.196652] ACPI: Added _OSI(Processor Device)
[    3.197515] ACPI: Added _OSI(3.0 _SCP Extensions)
[    3.198406] ACPI: Added _OSI(Processor Aggregator Device)
[    3.199972] ACPI: Executed 1 blocks of module-level executable AML code
[    3.202962] ACPI: Interpreter enabled
[    3.203710] ACPI: (supports S0 S5)
[    3.204470] ACPI: Using IOAPIC for interrupt routing
[    3.205555] PCI: Using host bridge windows from ACPI; if necessary, use "pci=nocrs" and report a bug
[    3.210391] ACPI: PCI Root Bridge [PCI0] (domain 0000 [bus 00-ff])
[    3.211469] acpi PNP0A03:00: _OSC: OS supports [ASPM ClockPM Segments MSI]
[    3.212697] acpi PNP0A03:00: _OSC: not requesting OS control; OS requires [ExtendedConfig ASPM ClockPM MSI]
[    3.214502] acpi PNP0A03:00: fail to add MMCONFIG information, can't access extended PCI configuration space under this bridge.
[    3.216787] PCI host bridge to bus 0000:00
[    3.217611] pci_bus 0000:00: root bus resource [io  0x0000-0x0cf7 window]
[    3.218770] pci_bus 0000:00: root bus resource [io  0x0d00-0xffff window]
[    3.219932] pci_bus 0000:00: root bus resource [mem 0x000a0000-0x000bffff window]
[    3.221351] pci_bus 0000:00: root bus resource [mem 0x80000000-0xfdffffff window]
[    3.222817] pci_bus 0000:00: root bus resource [bus 00-ff]
[    3.225473] pci 0000:00:01.1: legacy IDE quirk: reg 0x10: [io  0x01f0-0x01f7]
[    3.226845] pci 0000:00:01.1: legacy IDE quirk: reg 0x14: [io  0x03f6]
[    3.228170] pci 0000:00:01.1: legacy IDE quirk: reg 0x18: [io  0x0170-0x0177]
[    3.229559] pci 0000:00:01.1: legacy IDE quirk: reg 0x1c: [io  0x0376]
[    3.258478] pci 0000:00:07.0: quirk: [io  0x4000-0x403f] claimed by PIIX4 ACPI
[    3.554119] pci 0000:00:07.0: quirk: [io  0x4100-0x410f] claimed by PIIX4 SMB
[    3.947796] ACPI: PCI Interrupt Link [LNKA] (IRQs 5 9 10 *11)
[    4.192985] ACPI: PCI Interrupt Link [LNKB] (IRQs 5 9 *10 11)
[    4.205641] ACPI: PCI Interrupt Link [LNKC] (IRQs 5 *9 10 11)
[    4.224262] ACPI: PCI Interrupt Link [LNKD] (IRQs 5 9 10 *11)
[    4.230860] ACPI: Enabled 2 GPEs in block 00 to 07
[    4.232848] vgaarb: setting as boot device: PCI:0000:00:02.0
[    4.234457] vgaarb: device added: PCI:0000:00:02.0,decodes=io+mem,owns=io+mem,locks=none
[    4.238964] vgaarb: loaded
[    4.239696] vgaarb: bridge control possible 0000:00:02.0
[    4.254265] SCSI subsystem initialized
[    4.255198] ACPI: bus type USB registered
[    4.256143] usbcore: registered new interface driver usbfs
[    4.257270] usbcore: registered new interface driver hub
[    4.365634] usbcore: registered new device driver usb
[    4.537802] PCI: Using ACPI for IRQ routing
[    4.538907] NetLabel: Initializing
[    4.539633] NetLabel:  domain hash size = 128
[    4.540465] NetLabel:  protocols = UNLABELED CIPSOv4
[    4.541396] NetLabel:  unlabeled traffic allowed by default
[    4.542562] amd_nb: Cannot enumerate AMD northbridges
[    4.543543] clocksource: Switched to clocksource kvm-clock
[    4.550434] AppArmor: AppArmor Filesystem Enabled
[    4.551457] pnp: PnP ACPI init
[    4.552917] pnp: PnP ACPI: found 3 devices
[    4.559664] clocksource: acpi_pm: mask: 0xffffff max_cycles: 0xffffff, max_idle_ns: 2085701024 ns
[    4.561353] NET: Registered protocol family 2
[    4.562417] TCP established hash table entries: 16384 (order: 5, 131072 bytes)
[    4.563878] TCP bind hash table entries: 16384 (order: 6, 262144 bytes)
[    4.565522] TCP: Hash tables configured (established 16384 bind 16384)
[    4.566669] UDP hash table entries: 1024 (order: 3, 32768 bytes)
[    4.567780] UDP-Lite hash table entries: 1024 (order: 3, 32768 bytes)
[    4.568987] NET: Registered protocol family 1
[    4.569842] pci 0000:00:00.0: Limiting direct PCI/PCI transfers
[    4.570940] pci 0000:00:01.0: Activating ISA DMA hang workarounds
[    4.572190] Unpacking initramfs...
[    4.769062] Freeing initrd memory: 14796K
[    5.017906] RAPL PMU detected, API unit is 2^-32 Joules, 3 fixed counters 10737418240 ms ovfl timer
[    5.312988] hw unit of domain pp0-core 2^-0 Joules
[    5.319681] hw unit of domain package 2^-0 Joules
[    5.320754] hw unit of domain pp1-gpu 2^-0 Joules
[    5.321925] platform rtc_cmos: registered platform RTC device (no PNP device found)
[    5.323705] Scanning for low memory corruption every 60 seconds
[    5.325229] audit: initializing netlink subsys (disabled)
[    5.342123] audit: type=2000 audit(1543396520.605:1): initialized
[    5.343678] Initialise system trusted keyring
[    5.344796] HugeTLB registered 2 MB page size, pre-allocated 0 pages
[    5.347504] zbud: loaded
[    5.348532] VFS: Disk quotas dquot_6.6.0
[    5.349456] VFS: Dquot-cache hash table entries: 512 (order 0, 4096 bytes)
[    5.351022] squashfs: version 4.0 (2009/01/31) Phillip Lougher
[    5.352435] fuse init (API version 7.23)
[    5.353321] Key type big_key registered
[    5.354143] Allocating IMA MOK and blacklist keyrings.
[    5.355285] Key type asymmetric registered
[    5.356167] Asymmetric key parser 'x509' registered
[    5.357113] Block layer SCSI generic (bsg) driver version 0.4 loaded (major 249)
[    5.358633] io scheduler noop registered
[    5.359404] io scheduler deadline registered (default)
[    5.360394] io scheduler cfq registered
[    5.361237] pci_hotplug: PCI Hot Plug PCI Core version: 0.5
[    5.362354] pciehp: PCI Express Hot Plug Controller Driver version: 0.4
[    5.363597] ACPI: AC Adapter [AC] (on-line)
[    5.382159] input: Power Button as /devices/LNXSYSTM:00/LNXPWRBN:00/input/input0
[    5.383774] ACPI: Power Button [PWRF]
[    5.384644] input: Sleep Button as /devices/LNXSYSTM:00/LNXSLPBN:00/input/input1
[    5.386283] ACPI: Sleep Button [SLPF]
[    5.387269] GHES: HEST is not enabled!
[    5.388271] Serial: 8250/16550 driver, 32 ports, IRQ sharing enabled
[    5.411611] 00:02: ttyS0 at I/O 0x3f8 (irq = 4, base_baud = 115200) is a 16550A
[    5.444383] Linux agpgart interface v0.103
[    5.446140] loop: module loaded
[    5.447268] scsi host0: ata_piix
[    5.448096] scsi host1: ata_piix
[    5.448813] ata1: PATA max UDMA/33 cmd 0x1f0 ctl 0x3f6 bmdma 0xd000 irq 14
[    5.450005] ata2: PATA max UDMA/33 cmd 0x170 ctl 0x376 bmdma 0xd008 irq 15
[    5.451668] libphy: Fixed MDIO Bus: probed
[    5.452543] tun: Universal TUN/TAP device driver, 1.6
[    5.453475] tun: (C) 1999-2004 Max Krasnyansky <maxk@qualcomm.com>
[    5.454801] PPP generic driver version 2.4.2
[    5.455722] ehci_hcd: USB 2.0 'Enhanced' Host Controller (EHCI) Driver
[    5.833939] ehci-pci: EHCI PCI platform driver
[    6.157833] ehci-platform: EHCI generic platform driver
[    6.253027] ohci_hcd: USB 1.1 'Open' Host Controller (OHCI) Driver
[    6.254192] ohci-pci: OHCI PCI platform driver
[    6.255049] ohci-platform: OHCI generic platform driver
[    6.256024] uhci_hcd: USB Universal Host Controller Interface driver
[    6.257282] i8042: PNP: PS/2 Controller [PNP0303:PS2K,PNP0f03:PS2M] at 0x60,0x64 irq 1,12
[    6.259433] serio: i8042 KBD port at 0x60,0x64 irq 1
[    6.260513] serio: i8042 AUX port at 0x60,0x64 irq 12
[    6.261690] mousedev: PS/2 mouse device common for all mice
[    6.263190] input: AT Translated Set 2 keyboard as /devices/platform/i8042/serio0/input/input2
[    6.265487] rtc_cmos rtc_cmos: rtc core: registered rtc_cmos as rtc0
[    6.266819] rtc_cmos rtc_cmos: alarms up to one day, 114 bytes nvram
[    6.268117] i2c /dev entries driver
[    6.268997] device-mapper: uevent: version 1.0.3
[    6.270074] device-mapper: ioctl: 4.34.0-ioctl (2015-10-28) initialised: dm-devel@redhat.com
[    6.271877] ledtrig-cpu: registered to indicate activity on CPUs
[    6.273290] NET: Registered protocol family 10
[    6.274315] NET: Registered protocol family 17
[    6.276818] Key type dns_resolver registered
[    6.278101] registered taskstats version 1
[    6.279106] Loading compiled-in X.509 certificates
[    6.281071] Loaded X.509 cert 'Build time autogenerated kernel key: b7189ebc996fd79c52efc1226b6676b25e4f6a2d'
[    6.390587] tsc: Refined TSC clocksource calibration: 2500.023 MHz
[    6.412687] clocksource: tsc: mask: 0xffffffffffffffff max_cycles: 0x24094f80d0b, max_idle_ns: 440795301859 ns
[    6.414842] zswap: loaded using pool lzo/zbud
[    6.417948] Key type trusted registered
[    6.525724] Key type encrypted registered
[    6.792566] AppArmor: AppArmor sha1 policy hashing enabled
[    7.177879] ima: No TPM chip found, activating TPM-bypass!
[    7.306428] ima: Allocated hash algorithm: sha1
[    7.365553] evm: HMAC attrs: 0x1
[    7.473055]   Magic number: 10:807:273
[    7.477682] tty tty10: hash matches
[    7.492595] net lo: hash matches
[    7.502225] rtc_cmos rtc_cmos: setting system clock to 2018-11-28 09:15:22 UTC (1543396522)
[    7.553536] BIOS EDD facility v0.16 2004-Jun-25, 0 devices found
[    7.554757] EDD information not available.
[    7.557286] Freeing unused kernel memory: 1516K
[    7.567625] Write protecting the kernel read-only data: 14336k
[    7.843299] Freeing unused kernel memory: 1672K
[    7.850239] Freeing unused kernel memory: 92K
Loading, please wait...
starting version[    7.865027] random: udevadm: uninitialized urandom read (16 bytes read, 3 bits of entropy available)
 229
[    8.383547] random: systemd-udevd: uninitialized urandom read (16 bytes read, 3 bits of entropy available)
[    8.559444] random: systemd-udevd: uninitialized urandom read (16 bytes read, 3 bits of entropy available)
[    8.561758] random: systemd-udevd: uninitialized urandom read (16 bytes read, 3 bits of entropy available)
[    8.622369] random: systemd-udevd: uninitialized urandom read (16 bytes read, 3 bits of entropy available)
[    8.625091] random: udevadm: uninitialized urandom read (16 bytes read, 3 bits of entropy available)
[    8.636626] random: systemd-udevd: uninitialized urandom read (16 bytes read, 3 bits of entropy available)
[    8.970990] random: udevadm: uninitialized urandom read (16 bytes read, 3 bits of entropy available)
[    9.133707] random: udevadm: uninitialized urandom read (16 bytes read, 3 bits of entropy available)
[    9.653114] random: systemd-udevd: uninitialized urandom read (16 bytes read, 3 bits of entropy available)
[    9.774079] e1000: Intel(R) PRO/1000 Network Driver - version 7.3.21-k8-NAPI
[   10.309881] e1000: Copyright (c) 1999-2006 Intel Corporation.
[   10.372721] Fusion MPT base driver 3.04.20
[   10.633765] Copyright (c) 1999-2008 LSI Corporation
[   10.803414] AVX version of gcm_enc/dec engaged.
[   11.132543] AES CTR mode by8 optimization enabled
[   11.144328] input: ImExPS/2 Generic Explorer Mouse as /devices/platform/i8042/serio1/input/input4
[   11.173902] Fusion MPT SPI Host driver 3.04.20
[   11.353764] mptbase: ioc0: Initiating bringup
[   11.415937] ioc0: LSI53C1030 A0: Capabilities={Initiator}
[   11.721051] scsi host2: ioc0: LSI53C1030 A0, FwRev=00000000h, Ports=1, MaxQ=256, IRQ=20
[   11.969934] scsi 2:0:0:0: Direct-Access     VBOX     HARDDISK         1.0  PQ: 0 ANSI: 5
[   12.013218] scsi target2:0:0: Beginning Domain Validation
[   12.015593] scsi target2:0:0: Domain Validation skipping write tests
[   12.017030] scsi target2:0:0: Ending Domain Validation
[   12.018247] scsi target2:0:0: asynchronous
[   12.019539] scsi 2:0:1:0: Direct-Access     VBOX     HARDDISK         1.0  PQ: 0 ANSI: 5
[   12.021460] scsi target2:0:1: Beginning Domain Validation
[   12.110323] scsi target2:0:1: Domain Validation skipping write tests
[   12.131914] scsi target2:0:1: Ending Domain Validation
[   12.721116] scsi target2:0:1: asynchronous
[   12.886479] sd 2:0:0:0: Attached scsi generic sg0 type 0
[   12.890430] sd 2:0:0:0: [sda] 20971520 512-byte logical blocks: (10.7 GB/10.0 GiB)
[   12.902742] sd 2:0:0:0: [sda] Write Protect is off
[   12.936446] sd 2:0:1:0: Attached scsi generic sg1 type 0
[   12.950766] sd 2:0:1:0: [sdb] 20480 512-byte logical blocks: (10.5 MB/10.0 MiB)
[   13.096641] e1000 0000:00:03.0 eth0: (PCI:33MHz:32-bit) 02:af:02:e1:1a:f1
[   13.118777] e1000 0000:00:03.0 eth0: Intel(R) PRO/1000 Network Connection
[   13.120999] sd 2:0:0:0: [sda] Incomplete mode parameter data
[   13.122022] sd 2:0:0:0: [sda] Assuming drive cache: write through
[   13.123242] sd 2:0:1:0: [sdb] Write Protect is off
[   13.124719] sd 2:0:1:0: [sdb] Incomplete mode parameter data
[   13.125813] sd 2:0:1:0: [sdb] Assuming drive cache: write through
[   13.127669]  sda: sda1
[   13.128997] sd 2:0:0:0: [sda] Attached SCSI disk
[   13.188253] sd 2:0:1:0: [sdb] Attached SCSI disk
[   13.538899] e1000 0000:00:08.0 eth1: (PCI:33MHz:32-bit) 08:00:27:6a:23:5b
[   13.932632] e1000 0000:00:08.0 eth1: Intel(R) PRO/1000 Network Connection
[   13.975097] e1000 0000:00:08.0 enp0s8: renamed from eth1
[   13.983577] e1000 0000:00:03.0 enp0s3: renamed from eth0
Begin: Loading e[   15.312754] md: linear personality registered for level -1
ssential drivers[   15.687093] md: multipath personality registered for level -4
 ... [   16.073547] md: raid0 personality registered for level 0
[   16.183266] md: raid1 personality registered for level 1
[   16.312150] raid6: sse2x1   gen()  8138 MB/s
[   16.652153] raid6: sse2x1   xor()  6957 MB/s
[   17.029408] raid6: sse2x2   gen() 11353 MB/s
[   17.341416] raid6: sse2x2   xor()  6189 MB/s
[   17.432154] raid6: sse2x4   gen() 12825 MB/s
[   17.749407] raid6: sse2x4   xor()  9697 MB/s
[   18.073796] raid6: using algorithm sse2x4 gen() 12825 MB/s
[   18.406090] raid6: .... xor() 9697 MB/s, rmw enabled
[   18.418038] raid6: using ssse3x2 recovery algorithm
[   18.422081] xor: automatically using best checksumming function:
[   18.472153]    avx       : 24231.000 MB/sec
[   18.771956] async_tx: api initialized (async)
[   19.065958] md: raid6 personality registered for level 6
[   19.118535] md: raid5 personality registered for level 5
[   19.119630] md: raid4 personality registered for level 4
[   19.127774] md: raid10 personality registered for level 10
done.
Begin: Running /scripts/init-premount ... done.
Begin: Mounting root file system ... Begin: Running /scripts/local-top ... done.
Begin: Running /scripts/local-premount ... [   19.498453] Btrfs loaded
Scanning for Btrfs filesystems
done.
Warning: fsck not present, so skipping root file system
[   19.573185] EXT4-fs (sda1): mounted filesystem with ordered data mode. Opts: (null)
done.
Begin: Running /scripts/local-bottom ... done.
Begin: Running /scripts/init-bottom ... done.
[   20.037273] systemd[1]: systemd 229 running in system mode. (+PAM +AUDIT +SELINUX +IMA +APPARMOR +SMACK +SYSVINIT +UTMP +LIBCRYPTSETUP +GCRYPT +GNUTLS +ACL +XZ -LZ4 +SECCOMP +BLKID +ELFUTILS +KMOD -IDN)
[   20.594001] systemd[1]: Detected virtualization oracle.
[   20.605954] systemd[1]: Detected architecture x86-64.

Welcome to [1mUbuntu 16.04.5 LTS[0m!

[   20.643152] systemd[1]: Set hostname to <ubuntu-xenial>.
[   21.311058] random: nonblocking pool is initialized
[   21.681194] systemd[1]: Listening on udev Kernel Socket.
[[0;32m  OK  [0m] Listening on udev Kernel Socket.
[   21.702887] systemd[1]: Set up automount Arbitrary Executable File Formats File System Automount Point.
[[0;32m  OK  [0m] Set up automount Arbitrary Executab...ats File System Automount Point.
[   22.248025] systemd[1]: Listening on udev Control Socket.
[[0;32m  OK  [0m] Listening on udev Control Socket.
[   22.379766] systemd[1]: Listening on Journal Socket (/dev/log).
[[0;32m  OK  [0m] Listening on Journal Socket (/dev/log).
[   22.382212] systemd[1]: Reached target User and Group Name Lookups.
[[0;32m  OK  [0m] Reached target User and Group Name Lookups.
[   22.385193] systemd[1]: Listening on Syslog Socket.
[[0;32m  OK  [0m] Listening on Syslog Socket.
[   22.391376] systemd[1]: Listening on LVM2 poll daemon socket.
[[0;32m  OK  [0m] Listening on LVM2 poll daemon socket.
[   22.393854] systemd[1]: Listening on Journal Socket.
[[0;32m  OK  [0m] Listening on Journal Socket.
[   22.396071] systemd[1]: Listening on LVM2 metadata daemon socket.
[[0;32m  OK  [0m] Listening on LVM2 metadata daemon socket.
[   22.398562] systemd[1]: Started Trigger resolvconf update for networkd DNS.
[[0;32m  OK  [0m] Started Trigger resolvconf update for networkd DNS.
[   22.401622] systemd[1]: Created slice System Slice.
[[0;32m  OK  [0m] Created slice System Slice.
[   22.405421] systemd[1]: Mounting POSIX Message Queue File System...
         Mounting POSIX Message Queue File System...
[   22.410545] systemd[1]: Mounting Huge Pages File System...
         Mounting Huge Pages File System...
[   22.539849] systemd[1]: Starting Remount Root and Kernel File Systems...
         Starting Remount Root and Kernel File Systems...
[   22.800719] systemd[1]: Starting Uncomplicated firewall...
         Starting Uncomplicated firewall...
[   22.810413] systemd[1]: Starting Create list of required static device nodes for the current kernel...
         Starting Create list of required st... nodes for the current kernel...
[   22.818185] systemd[1]: Starting Set console keymap...
         Starting Set console keymap...
[   22.822709] systemd[1]: Listening on Device-mapper event daemon FIFOs.
[[0;32m  OK  [0m] Listening on Device-mapper event daemon FIFOs.
[   22.827798] systemd[1]: Starting Monitoring of LVM2 mirrors, snapshots etc. using dmeventd or progress polling...
         Starting Monitoring of LVM2 mirrors... dmeventd or progress polling...
[   22.837804] systemd[1]: Created slice User and Session Slice.
[[0;32m  OK  [0m] Created slice User and Session Slice.
[   22.841102] systemd[1]: Reached target Slices.
[   22.846320] EXT4-fs (sda1): re-mounted. Opts: (null)
[[0;32m  OK  [0m] Reached target Slices.
[   22.853759] systemd[1]: Started Forward Password Requests to Wall Directory Watch.
[[0;32m  OK  [0m] Started Forward Password Requests to Wall Directory Watch.
[   22.858385] systemd[1]: Starting Nameserver information manager...
         Starting Nameserver information manager...
[   22.860941] systemd[1]: Listening on /dev/initctl Compatibility Named Pipe.
[[0;32m  OK  [0m] Listening on /dev/initctl Compatibility Named Pipe.
[   22.868986] systemd[1]: Reached target System Time Synchronized.
[[0;32m  OK  [0m] Reached target System Time Synchronized.
[   23.260299] systemd[1]: Reached target Swap.
[[0;32m  OK  [0m] Reached target Swap.
[   23.262749] systemd[1]: Created slice system-serial\x2dgetty.slice.
[[0;32m  OK  [0m] Created slice system-serial\x2dgetty.slice.
[   23.265272] systemd[1]: Reached target Encrypted Volumes.
[[0;32m  OK  [0m] Reached target Encrypted Volumes.
[   23.298895] systemd[1]: Starting Load Kernel Modules...
         Starting Load Kernel Modules...
[   23.325585] systemd[1]: Listening on Journal Audit Socket.
[[0;32m  OK  [0m] Listening on Journal Audit Socket.
[   23.341215] systemd[1]: Starting Journal Service...
[   23.416750] Loading iSCSI transport class v2.0-870.
         Starting Journal Service...
[   23.726796] systemd[1]: Mounting Debug File System...
         Mounting Debug File System...
[   23.733023] systemd[1]: Mounted Huge Pages File System.
[[0;32m  OK  [0m] Mounted Huge Pages File System.
[   23.878684] systemd[1]: Mounted POSIX Message Queue File System.
[[0;32m  OK  [0m] Mounted POSIX Message Queue File System.
[   24.031883] systemd[1]: Mounted Debug File System.
[[   24.270529] iscsi: registered transport (tcp)
[0;32m  OK  [0m] Mounted Debug File System.
[   24.301455] systemd[1]: Started Remount Root and Kernel File Systems.
[[0;32m  OK  [0m] Started Remount Root and Kernel File Systems.
[   24.796399] systemd[1]: Started Uncomplicated firewall.
[[0;32m  OK  [0m] Started Uncomplicated firewal[   24.946341] iscsi: registered transport (iser)
l.
[   24.973984] systemd[1]: Started Create list of required static device nodes for the current kernel.
[[0;32m  OK  [0m] Started Create list of required sta...ce nodes for the current kernel.
[   25.123231] systemd[1]: Started Set console keymap.
[[0;32m  OK  [0m] Started Set console keymap.
[   25.126634] systemd[1]: Started Load Kernel Modules.
[[0;32m  OK  [0m] Started Load Kernel Modules.
[   25.134333] systemd[1]: Started Journal Service.
[[0;32m  OK  [0m] Started Journal Service.
[[0;32m  OK  [0m] Started Nameserver information manager.
[[0;32m  OK  [0m] Started LVM2 metadata daemon.
         Starting Apply Kernel Variables...
         Mounting FUSE Control File System...
         Starting Create Static Device Nodes in /dev...
         Starting Flush Journal to Persistent Storage...
         Starting Load/Save Random Seed...
         Starting udev Coldplug all Devices...
[[0;32m  OK  [0m] Mounted FUSE Control File System.
[   25.448871] systemd-journald[405]: Received request to flush runtime journal from PID 1
[[0;32m  OK  [0m] Started Load/Save Random Seed.
[[0;32m  OK  [0m] Started Flush Journal to Persistent Storage.
[[0;32m  OK  [0m] Started Apply Kernel Variables.
[[0;32m  OK  [0m] Started udev Coldplug all Devices.
[[0;32m  OK  [0m] Started Monitoring of LVM2 mirrors,...ng dmeventd or progress polling.
[[0;32m  OK  [0m] Started Create Static Device Nodes in /dev.
         Starting udev Kernel Device Manager...
[[0;32m  OK  [0m] Started udev Kernel Device Manager.
[[0;32m  OK  [0m] Reached target Local File Systems (Pre).
[[0;32m  OK  [0m] Reached target Local File Systems.
         Starting Set console font and keymap...
         Starting Create Volatile Files and Directories...
         Starting LSB: AppArmor initialization...
         Starting Tell Plymouth To Write Out Runtime Data...
         Starting Initial cloud-init job (pre-networking)...
[[0;32m  OK  [0m] Started Dispatch Password Requests to Console Directory Watch.
[[0;32m  OK  [0m] Started Tell Plymouth To Write Out Runtime Data.
[[0;32m  OK  [0m] Started Create Volatile Files and Directories.
         Starting Update UTMP about System Boot/Shutdown...
[[0;32m  OK  [0m] Found device /dev/ttyS0.
[[0;32m  OK  [0m] Started Update UTMP about System Boot/Shutdown.
[[0;32m  OK  [0m] Listening on Load/Save RF Kill Switch Status /dev/rfkill Watch.
[[0;32m  OK  [0m] Found device 82540EM Gigabit Ethern...r (PRO/1000 MT Desktop Adapter).
[[0;32m  OK  [0m] Found device 82540EM Gigabit Ethern...r (PRO/1000 MT Desktop Adapter).
[[0;32m  OK  [0m] Started Set console font and keymap.
[[0;32m  OK  [0m] Created slice system-getty.slice.
[[0;32m  OK  [0m] Started LSB: AppArmor initialization.
[   26.002719] cloud-init[510]: Cloud-init v. 18.3-9-g2e62cb8a-0ubuntu1~16.04.2 running 'init-local' at Wed, 28 Nov 2018 09:15:44 +0000. Up 25.48 seconds.
[[0;32m  OK  [0m] Started Initial cloud-init job (pre-networking).
[[0;32m  OK  [0m] Reached target Network (Pre).
[[0;32m  OK  [0m] Started ifup for enp0s3.
[[0;32m  OK  [0m] Started ifup for enp0s8.
         Starting Raise network interfaces...
[[0;32m  OK  [0m] Started Raise network interfaces.
[[0;32m  OK  [0m] Reached target Network.
         Starting Initial cloud-init job (metadata service crawler)...
[   27.554890] cloud-init[1078]: Cloud-init v. 18.3-9-g2e62cb8a-0ubuntu1~16.04.2 running 'init' at Wed, 28 Nov 2018 09:15:45 +0000. Up 26.76 seconds.
[   27.564335] cloud-init[1078]: ci-info: ++++++++++++++++++++++++++++++++++++++Net device info+++++++++++++++++++++++++++++++++++++++
[   27.566716] cloud-init[1078]: ci-info: +--------+------+-----------------------------+---------------+--------+-------------------+
[   27.583125] cloud-init[1078]: ci-info: | Device |  Up  |           Address           |      Mask     | Scope  |     Hw-Address    |
[   27.611965] cloud-init[1078]: ci-info: +--------+------+-----------------------------+---------------+--------+-------------------+
[[0;32m  OK  [0m] Started Initial cloud-init job (metadata service crawler).
[[0;32m  OK  [0m] Reached target System Initialization.
[   27.615763] cloud-init[1078]: ci-info: | enp0s3 | True |          10.0.2.15          | 255.255.255.0 | global | 02:af:02:e1:1a:f1 |
[   27.622274] cloud-init[1078]: ci-info: | enp0s3 | True |  fe80::af:2ff:fee1:1af1/64  |       .       |  link  | 02:af:02:e1:1a:f1 |
[   27.625269] cloud-init[1078]: ci-info: | enp0s8 | True |         192.168.10.9        | 255.255.255.0 | global | 08:00:27:6a:23:5b |
[   27.627303] cloud-init[1078]: ci-info: | enp0s8 | True | fe80::a00:27ff:fe6a:235b/64 |       .       |  link  | 08:00:27:6a:23:5b |
[   27.629519] cloud-init[1078]: ci-info: |   lo   | True |          127.0.0.1          |   255.0.0.0   |  host  |         .         |
[   27.631568] cloud-init[1078]: ci-info: |   lo   | True |           ::1/128           |       .       |  host  |         .         |
[   27.633671] cloud-init[1078]: ci-info: +--------+------+-----------------------------+---------------+--------+-------------------+
[   27.635700] cloud-init[1078]: ci-info: ++++++++++++++++++++++++++++Route IPv4 info++++++++++++++++++++++++++++
[   27.637652] cloud-init[1078]: ci-info: +-------+--------------+----------+---------------+-----------+-------+
[   27.639520] cloud-init[1078]: ci-info: | Route | Destination  | Gateway  |    Genmask    | Interface | Flags |
[   27.641898] cloud-init[1078]: ci-info: +-------+--------------+----------+---------------+-----------+-------+
[   27.643987] cloud-init[1078]: ci-info: |   0   |   0.0.0.0    | 10.0.2.2 |    0.0.0.0    |   enp0s3  |   UG  |
[   27.646385] cloud-init[1078]: ci-info: |   1   |   10.0.2.0   | 0.0.0.0  | 255.255.255.0 |   enp0s3  |   U   |
[   27.660459] cloud-init[1078]: ci-info: |   2   | 192.168.10.0 | 0.0.0.0  | 255.255.255.0 |   enp0s8  |   U   |
[   27.664764] cloud-init[1078]: ci-info: +-------+--------------+----------+---------------+-----------+-------+
[   27.667635] cloud-init[1078]: ci-info: +++++++++++++++++++Route IPv6 info+++++++++++++++++++
[   27.674169] cloud-init[1078]: ci-info: +-------+-------------+---------+-----------+-------+
[[0;32m  OK  [0m[   27.688608] cloud-init[1078]: ci-info: | Route | Destination | Gateway | Interface | Flags |
[   27.691312] cloud-init] Started Daily apt download activities.
[1078]: ci-info: +-------+-------------+---------+-----------+-------+
[   27.698922] cloud-init[1078]: ci-info: |   0   |  fe80::/64  |    ::   |   enp0s8  |   U   |
[   27.701984] cloud-init[1078]: ci-info: |   1   |  fe80::/64  |    ::   |   enp0s3  |   U   |
[   27.704971] cloud-init[1078]: ci-info: |   4   |   ff00::/8  |    ::   |   enp0s8  |   U   |
[   27.707083] cloud-init[1078]: ci-info: |   5   |   ff00::/8  |    ::   |   enp0s3  |   U   |
[[0;32m  OK  [0m[   27.724512] cloud-init[1078]: ci-info: +-------+-------------+---------+-----------+-------+
] Started ACPI Events Check.
[[0;32m  OK  [0m] Reached target Paths.
[[0;32m  OK  [0m] Listening on D-Bus System Message Bus Socket.
         Starting LXD - unix socket.
[[0;32m  OK  [0m] Listening on UUID daemon activation socket.
[[0;32m  OK  [0m] Listening on ACPID Listen Socket.
[[0;32m  OK  [0m] Started Daily apt upgrade and clean activities.
[[0;32m  OK  [0m] Started Daily Cleanup of Temporary Directories.
[[0;32m  OK  [0m] Reached target Timers.
         Starting Socket activation for snappy daemon.
[[0;32m  OK  [0m] Reached target Network is Online.
         Starting iSCSI initiator daemon (iscsid)...
[[0;32m  OK  [0m] Reached target Cloud-config availability.
[[0;32m  OK  [0m] Listening on LXD - unix socket.
[[0;32m  OK  [0m] Listening on Socket activation for snappy daemon.
[[0;32m  OK  [0m] Reached target Sockets.
[[0;32m  OK  [0m] Reached target Basic System.
         Starting Login Service...
         Starting LXD - container startup/shutdown...
[[0;32m  OK  [0m] Started Regular background program processing daemon.
[[0;32m  OK  [0m] Started Deferred execution scheduler.
[[0;32m  OK  [0m] Started FUSE filesystem for LXC.
[[0;32m  OK  [0m] Started ACPI event daemon.
         Starting System Logging Service...
         Starting LSB: Record successful boot for GRUB...
         Starting Virtualbox guest utils...
         Starting Accounts Service...
         Starting Snappy daemon...
[[0;32m  OK  [0m] Started D-Bus System Message Bus.
[[0;32m  OK  [0m] Started Unattended Upgrades Shutdown.
         Starting OpenBSD Secure Shell server...
         Starting /etc/rc.local Compatibility...
         Starting LSB: MD monitoring daemon...
[[0;32m  OK  [0m] Started System Logging Service.
[[0;32m  OK  [0m] Started /etc/rc.local Compatibility.
[[0;32m  OK  [0m] Started Login Service.
[[0;32m  OK  [0m] Started iSCSI initiator daemon (iscsid).
         Starting Authenticate and Authorize Users to Run Privileged Tasks...
         Starting Login to default iSCSI targets...
[[0;32m  OK  [0m] Started LSB: Record successful boot for GRUB.
[[0;32m  OK  [0m] Started LSB: MD monitoring daemon.
[[0;32m  OK  [0m] Started Login to default iSCSI targets.
[[0;32m  OK  [0m] Reached target Remote File Systems (Pre).
[[0;32m  OK  [0m] Reached target Remote File Systems.
         Starting LSB: Start Jenkins at boot time...
         Starting LSB: daemon to balance interrupts for SMP systems...
         Starting Permit User Sessions...
         Starting LSB: Set the CPU Frequency Scaling governor to "ondemand"...
         Starting LSB: automatic crash report generation...
[[0;32m  OK  [0m] Started LSB: Set the CPU Frequency Scaling governor to "ondemand".
[[0;32m  OK  [0m] Started Permit User Sessions.
         Starting Hold until boot process finishes up...
         Starting Terminate Plymouth Boot Screen...
[[0;32m  OK  [0m] Started Hold until boot process finishes up.
[[0;32m  OK  [0m] Started Terminate Plymouth Boot Screen.
         Starting Set console scheme...
[[0;32m  OK  [0m] Started Getty on tty1.
[[0;32m  OK  [0m] Started Serial Getty on ttyS0.
[[0;32m  OK  [0m] Reached target Login Prompts.
[[0;32m  OK  [0m] Started Set console scheme.
[[0;32m  OK  [0m] Started LSB: daemon to balance interrupts for SMP systems.
[[0;32m  OK  [0m] Started Authenticate and Authorize Users to Run Privileged Tasks.
[[0;32m  OK  [0m] Started Accounts Service.
[[0;32m  OK  [0m] Started LSB: automatic crash report generation.
[[0;32m  OK  [0m] Started Virtualbox guest utils.
[[0;32m  OK  [0m] Started OpenBSD Secure Shell server.
[[0;32m  OK  [0m] Started LXD - container startup/shutdown.
[[0;32m  OK  [0m] Created slice User Slice of vagrant.
         Starting User Manager for UID 1000...
[[0;32m  OK  [0m] Started Session 1 of user vagrant.
[[0;32m  OK  [0m] Started Snappy daemon.
[[0;32m  OK  [0m] Started User Manager for UID 1000.
         Starting Wait until snapd is fully seeded...
[[0;32m  OK  [0m] Started Wait until snapd is fully seeded.
         Starting Apply the settings specified in cloud-config...
[   33.316331] cloud-init[1361]: Cloud-init v. 18.3-9-g2e62cb8a-0ubuntu1~16.04.2 running 'modules:config' at Wed, 28 Nov 2018 09:15:52 +0000. Up 32.96 seconds.
[[0;32m  OK  [0m] Started Apply the settings specified in cloud-config.
[[0;32m  OK  [0m] Created slice User Slice of jenkins.
         Starting User Manager for UID 112...
[[0;32m  OK  [0m] Started User Manager for UID 112.
[[0;32m  OK  [0m] Started Session c1 of user jenkins.
[[0;32m  OK  [0m] Started LSB: Start Jenkins at boot time.
[[0;32m  OK  [0m] Reached target Multi-User System.
         Starting Execute cloud user/final scripts...
[[0;32m  OK  [0m] Reached target Graphical Interface.
         Starting Update UTMP about System Runlevel Changes...
[[0;32m  OK  [0m] Started Update UTMP about System Runlevel Changes.
[   35.963951] cloud-init[1485]: Cloud-init v. 18.3-9-g2e62cb8a-0ubuntu1~16.04.2 running 'modules:final' at Wed, 28 Nov 2018 09:15:54 +0000. Up 35.63 seconds.
[   35.964661] cloud-init[1485]: Cloud-init v. 18.3-9-g2e62cb8a-0ubuntu1~16.04.2 finished at Wed, 28 Nov 2018 09:15:55 +0000. Datasource DataSourceNoCloud [seed=/dev/sdb][dsmode=net].  Up 35.94 seconds

Ubuntu 16.04.5 LTS ubuntu-xenial ttyS0

ubuntu-xenial login: 